<?xml version="1.0" encoding="UTF-8"?>
<testsuite name="censusanalyser.CensusAnalyserTest" tests="1" skipped="0" failures="0" errors="0" timestamp="2020-05-03T21:17:44" hostname="DESKTOP-196HMRI" time="0.409">
  <properties/>
  <testcase name="getSorted_StatePopulation_InJSONFormat_EndState" classname="censusanalyser.CensusAnalyserTest" time="0.409"/>
  <system-out><![CDATA[]]></system-out>
  <system-err><![CDATA[]]></system-err>
</testsuite>
