<?xml version="1.0" encoding="UTF-8"?>
<testsuite name="censusanalyser.CensusAnalyserTest" tests="1" skipped="0" failures="0" errors="0" timestamp="2020-05-06T05:40:11" hostname="DESKTOP-196HMRI" time="0.314">
  <properties/>
  <testcase name="givenUSCensusCSVFile_ReturnsCorrectRecords" classname="censusanalyser.CensusAnalyserTest" time="0.314"/>
  <system-out><![CDATA[]]></system-out>
  <system-err><![CDATA[]]></system-err>
</testsuite>
