<?xml version="1.0" encoding="UTF-8"?>
<testsuite name="censusanalyser.CensusAnalyserTest" tests="10" skipped="0" failures="0" errors="0" timestamp="2020-05-01T20:52:32" hostname="DESKTOP-196HMRI" time="1.744">
  <properties/>
  <testcase name="givenIndiaStateCodeData_WithWrongFile_ShouldThrowException" classname="censusanalyser.CensusAnalyserTest" time="0.065"/>
  <testcase name="givenIndianCensusCSVFileReturnsCorrectRecords" classname="censusanalyser.CensusAnalyserTest" time="1.038"/>
  <testcase name="givenIndiaStateCodeData_WhenTypeIncorrect_ThrowsException" classname="censusanalyser.CensusAnalyserTest" time="0.004"/>
  <testcase name="givenIndiaCensusData_WhenHeaderNotCorrect_ThrowsException" classname="censusanalyser.CensusAnalyserTest" time="0.076"/>
  <testcase name="givenIndiaStateCodeCSVFileReturnsCorrectRecords" classname="censusanalyser.CensusAnalyserTest" time="0.251"/>
  <testcase name="givenIndiaStateCodeData_WhenHeaderNotCorrect_ThrowsException" classname="censusanalyser.CensusAnalyserTest" time="0.29"/>
  <testcase name="givenIndiaStateCodeData_WhenSeperator_ThrowsException" classname="censusanalyser.CensusAnalyserTest" time="0.001"/>
  <testcase name="givenIndiaCensusData_WithWrongFile_ShouldThrowException" classname="censusanalyser.CensusAnalyserTest" time="0.003"/>
  <testcase name="givenIndiaCensusData_WhenTypeIncorrect_ThrowsException" classname="censusanalyser.CensusAnalyserTest" time="0.0"/>
  <testcase name="givenIndiaCensusData_WhenSeperator_ThrowsException" classname="censusanalyser.CensusAnalyserTest" time="0.0"/>
  <system-out><![CDATA[]]></system-out>
  <system-err><![CDATA[]]></system-err>
</testsuite>
