<?xml version="1.0" encoding="UTF-8"?>
<testsuite name="censusanalyser.CensusAnalyserTest" tests="1" skipped="0" failures="0" errors="0" timestamp="2020-04-30T23:55:49" hostname="DESKTOP-196HMRI" time="0.008">
  <properties/>
  <testcase name="givenIndiaCensusData_WhenTypeSeperator_ThrowsException" classname="censusanalyser.CensusAnalyserTest" time="0.008"/>
  <system-out><![CDATA[]]></system-out>
  <system-err><![CDATA[]]></system-err>
</testsuite>
