<?xml version="1.0" encoding="UTF-8"?>
<testsuite name="censusanalyser.CensusAnalyserTest" tests="1" skipped="0" failures="0" errors="0" timestamp="2020-05-04T16:58:58" hostname="DESKTOP-196HMRI" time="0.388">
  <properties/>
  <testcase name="whenFilePathIsProper_writeIntoJsonFile_SortedByArea" classname="censusanalyser.CensusAnalyserTest" time="0.388"/>
  <system-out><![CDATA[]]></system-out>
  <system-err><![CDATA[]]></system-err>
</testsuite>
